OpenSTA 2.0.17 GITDIR-NOT Copyright (c) 2019, Parallax Software, Inc.
License GPLv3: GNU GPL version 3 <http://gnu.org/licenses/gpl.html>

This is free software, and you are free to change and redistribute it
under certain conditions; type `show_copying' for details. 
This program comes with ABSOLUTELY NO WARRANTY; for details type `show_warranty'.

========================================
  SETUP — Worst Path
========================================
Startpoint: _17207_ (rising edge-triggered flip-flop clocked by clk)
Endpoint: _16700_ (recovery check against rising-edge clock clk)
Path Group: **async_default**
Path Type: max

Fanout      Cap     Slew    Delay     Time   Description
--------------------------------------------------------------------------------
                  0.000    0.000    0.000   clock clk (rise edge)
                           0.000    0.000   clock network delay (ideal)
                  0.000    0.000    0.000 ^ _17207_/CLK (sky130_fd_sc_hd__dfrtp_1)
                 24.406   17.478   17.478 ^ _17207_/Q (sky130_fd_sc_hd__dfrtp_1)
  851    2.887                              rst_sync_ff[1] (net)
                 24.406    0.002   17.480 ^ _16700_/RESET_B (sky130_fd_sc_hd__dfrtp_1)
                                   17.480   data arrival time

                  0.000   20.000   20.000   clock clk (rise edge)
                           0.000   20.000   clock network delay (ideal)
                          -0.400   19.600   clock uncertainty
                           0.000   19.600   clock reconvergence pessimism
                                   19.600 ^ _16700_/CLK (sky130_fd_sc_hd__dfrtp_1)
                          -6.378   13.222   library recovery time
                                   13.222   data required time
--------------------------------------------------------------------------------
                                   13.222   data required time
                                  -17.480   data arrival time
--------------------------------------------------------------------------------
                                   -4.258   slack (VIOLATED)


Startpoint: _17207_ (rising edge-triggered flip-flop clocked by clk)
Endpoint: _16889_ (rising edge-triggered flip-flop clocked by clk)
Path Group: clk
Path Type: max

Fanout      Cap     Slew    Delay     Time   Description
--------------------------------------------------------------------------------
                  0.000    0.000    0.000   clock clk (rise edge)
                           0.000    0.000   clock network delay (ideal)
                  0.000    0.000    0.000 ^ _17207_/CLK (sky130_fd_sc_hd__dfrtp_1)
                 24.406   17.478   17.478 ^ _17207_/Q (sky130_fd_sc_hd__dfrtp_1)
  851    2.887                              rst_sync_ff[1] (net)
                  3.335    9.490   26.968 v _08503_/Y (sky130_fd_sc_hd__nand2_1)
   69    0.163                              _03221_ (net)
                  0.858    1.224   28.192 ^ _09143_/Y (sky130_fd_sc_hd__a21oi_1)
    5    0.011                              _03772_ (net)
                  6.014    4.454   32.646 ^ _09164_/X (sky130_fd_sc_hd__and3_1)
  244    0.636                              _03793_ (net)
                  3.450    5.256   37.902 v _09165_/Y (sky130_fd_sc_hd__nor3_1)
   88    0.209                              _03794_ (net)
                  1.060    1.579   39.481 ^ _09173_/Y (sky130_fd_sc_hd__nand2_1)
   15    0.039                              _03798_ (net)
                  0.152    0.193   39.675 v _09438_/Y (sky130_fd_sc_hd__o211ai_1)
    1    0.002                              _00282_ (net)
                  0.152    0.004   39.679 v _16889_/D (sky130_fd_sc_hd__dfrtp_1)
                                   39.679   data arrival time

                  0.000   20.000   20.000   clock clk (rise edge)
                           0.000   20.000   clock network delay (ideal)
                          -0.400   19.600   clock uncertainty
                           0.000   19.600   clock reconvergence pessimism
                                   19.600 ^ _16889_/CLK (sky130_fd_sc_hd__dfrtp_1)
                          -0.172   19.428   library setup time
                                   19.428   data required time
--------------------------------------------------------------------------------
                                   19.428   data required time
                                  -39.679   data arrival time
--------------------------------------------------------------------------------
                                  -20.250   slack (VIOLATED)



========================================
  SETUP — Top 5 Paths
========================================
Warning: sta.tcl, 21 report_checks -path_count is not a known keyword or flag.
Error: sta.tcl, 21 positional arguments not supported.

========================================
  HOLD — Top 5 Paths
========================================
Warning: sta.tcl, 26 report_checks -path_count is not a known keyword or flag.
Error: sta.tcl, 26 positional arguments not supported.

========================================
  SUMMARY
========================================
Error: sta.tcl, 31 worst_slack positional arguments not supported.
Error: sta.tcl, 32 total_negative_slack positional arguments not supported.

Error: sta.tcl, 34 worst_slack positional arguments not supported.
Error: sta.tcl, 35 total_negative_slack positional arguments not supported.

Warning: sta.tcl, 37 find_timing_paths -slack_lesser_than is not a known keyword or flag.
Error: sta.tcl, 37 positional arguments not supported.
Warning: sta.tcl, 38 find_timing_paths -slack_lesser_than is not a known keyword or flag.
Error: sta.tcl, 38 positional arguments not supported.

========================================
  CLOCK
========================================
Clock clk
Latency      CRPR       Skew
_15676_/CLK ^
  26.86
_16760_/CLK ^
  26.86      0.00       0.00

