
23. Printing statistics.

=== rv32i_core ===

   Number of wires:               9538
   Number of wire bits:           9696
   Number of public wires:        1764
   Number of public wire bits:    1922
   Number of memories:               0
   Number of memory bits:            0
   Number of processes:              0
   Number of cells:               9628
     sky130_fd_sc_hd__a2111oi_0      1
     sky130_fd_sc_hd__a211o_1        3
     sky130_fd_sc_hd__a211oi_1      62
     sky130_fd_sc_hd__a21boi_0      23
     sky130_fd_sc_hd__a21o_1        36
     sky130_fd_sc_hd__a21oi_1      946
     sky130_fd_sc_hd__a221o_1        8
     sky130_fd_sc_hd__a221oi_1     238
     sky130_fd_sc_hd__a222oi_1      11
     sky130_fd_sc_hd__a22o_1       134
     sky130_fd_sc_hd__a22oi_1      144
     sky130_fd_sc_hd__a2bb2oi_1      1
     sky130_fd_sc_hd__a311o_1        4
     sky130_fd_sc_hd__a311oi_1      12
     sky130_fd_sc_hd__a31o_1         3
     sky130_fd_sc_hd__a31oi_1       62
     sky130_fd_sc_hd__a32o_1        11
     sky130_fd_sc_hd__a32oi_1        7
     sky130_fd_sc_hd__a41oi_1        1
     sky130_fd_sc_hd__and2_0       136
     sky130_fd_sc_hd__and3_1        92
     sky130_fd_sc_hd__and4_1         2
     sky130_fd_sc_hd__and4b_1        2
     sky130_fd_sc_hd__buf_1        158
     sky130_fd_sc_hd__clkinv_1     109
     sky130_fd_sc_hd__conb_1         1
     sky130_fd_sc_hd__dfrtp_1      697
     sky130_fd_sc_hd__dfstp_2        5
     sky130_fd_sc_hd__dfxtp_1     1024
     sky130_fd_sc_hd__lpflow_inputiso1p_1     52
     sky130_fd_sc_hd__lpflow_isobufsrc_1     30
     sky130_fd_sc_hd__maj3_1        17
     sky130_fd_sc_hd__mux2_1        20
     sky130_fd_sc_hd__mux2i_1      159
     sky130_fd_sc_hd__mux4_2       225
     sky130_fd_sc_hd__nand2_1     1271
     sky130_fd_sc_hd__nand2b_1      41
     sky130_fd_sc_hd__nand3_1       82
     sky130_fd_sc_hd__nand3b_1       5
     sky130_fd_sc_hd__nand4_1       22
     sky130_fd_sc_hd__nand4b_1       3
     sky130_fd_sc_hd__nand4bb_1      2
     sky130_fd_sc_hd__nor2_1      1246
     sky130_fd_sc_hd__nor2b_1       12
     sky130_fd_sc_hd__nor3_1       107
     sky130_fd_sc_hd__nor3b_1        7
     sky130_fd_sc_hd__nor4_1        18
     sky130_fd_sc_hd__nor4b_1        3
     sky130_fd_sc_hd__o2111a_1       1
     sky130_fd_sc_hd__o2111ai_1      4
     sky130_fd_sc_hd__o211a_1        5
     sky130_fd_sc_hd__o211ai_1      76
     sky130_fd_sc_hd__o21a_1        50
     sky130_fd_sc_hd__o21ai_0     1674
     sky130_fd_sc_hd__o21ba_1        2
     sky130_fd_sc_hd__o21bai_1      54
     sky130_fd_sc_hd__o221a_1        4
     sky130_fd_sc_hd__o221ai_1      74
     sky130_fd_sc_hd__o22a_1         1
     sky130_fd_sc_hd__o22ai_1      160
     sky130_fd_sc_hd__o2bb2ai_1      5
     sky130_fd_sc_hd__o311a_1        7
     sky130_fd_sc_hd__o311ai_0      13
     sky130_fd_sc_hd__o31a_1         3
     sky130_fd_sc_hd__o31ai_1       46
     sky130_fd_sc_hd__o32ai_1        4
     sky130_fd_sc_hd__o41ai_1        3
     sky130_fd_sc_hd__or3_1         20
     sky130_fd_sc_hd__or3b_1         1
     sky130_fd_sc_hd__or4_1          5
     sky130_fd_sc_hd__xnor2_1      100
     sky130_fd_sc_hd__xor2_1        61

   Chip area for module '\rv32i_core': 83996.809600

